14-56-00385 [9db372a0-ef69-497d-af46-2370a0a3e912 app_name=m6-elk app_version=0.1.0-SNAPSHOT EPBYGOMW0221] INFO  4668 org.springframework.boot.StartupInfoLogger: Starting Application using Java 19.0.2 on EPBYGOMW0221 with PID 4668 (D:\trainings\_JAMP_JAVA#1\ELK-demo\target\classes started by Helen_Yrofeeva in D:\trainings\_JAMP_JAVA#1\ELK-demo)
14-56-00547 [1102aae6-4fee-40cc-a5fd-a8486a479e8b app_name=m6-elk app_version=0.1.0-SNAPSHOT EPBYGOMW0221] INFO  4668 org.springframework.boot.SpringApplication: No active profile set, falling back to default profiles: default
14-56-02002 [bbda2e8a-47c8-4027-8b40-cd9beda4ae28 app_name=m6-elk app_version=0.1.0-SNAPSHOT EPBYGOMW0221] INFO  4668 org.springframework.boot.web.embedded.tomcat.TomcatWebServer: Tomcat initialized with port(s): 8080 (http)
14-56-02046 [92d9a8d6-d9c0-4d37-b258-6b63625242d8 app_name=m6-elk app_version=0.1.0-SNAPSHOT EPBYGOMW0221] INFO  4668 org.apache.juli.logging.DirectJDKLog: Initializing ProtocolHandler ["http-nio-8080"]
14-56-02049 [45e7837f-0dcf-4c85-8e48-05df21568bcc app_name=m6-elk app_version=0.1.0-SNAPSHOT EPBYGOMW0221] INFO  4668 org.apache.juli.logging.DirectJDKLog: Starting service [Tomcat]
14-56-02050 [80cea6eb-51c5-4d86-8310-6aac77127171 app_name=m6-elk app_version=0.1.0-SNAPSHOT EPBYGOMW0221] INFO  4668 org.apache.juli.logging.DirectJDKLog: Starting Servlet engine: [Apache Tomcat/9.0.45]
14-56-02246 [7a7bdd8a-1e1a-42d8-87d5-decabd227e0e app_name=m6-elk app_version=0.1.0-SNAPSHOT EPBYGOMW0221] INFO  4668 org.apache.juli.logging.DirectJDKLog: Initializing Spring embedded WebApplicationContext
14-56-02247 [6ea8e747-3bee-4f70-a5e3-707d248a90f9 app_name=m6-elk app_version=0.1.0-SNAPSHOT EPBYGOMW0221] INFO  4668 org.springframework.boot.web.servlet.context.ServletWebServerApplicationContext: Root WebApplicationContext: initialization completed in 1630 ms
14-56-03152 [e77e811e-bee0-4e3a-b552-cb234a7becc9 app_name=m6-elk app_version=0.1.0-SNAPSHOT EPBYGOMW0221] INFO  4668 org.springframework.scheduling.concurrent.ExecutorConfigurationSupport: Initializing ExecutorService 'applicationTaskExecutor'
14-56-03404 [7af1eda5-8c05-43ae-9717-23a4aaca5851 app_name=m6-elk app_version=0.1.0-SNAPSHOT EPBYGOMW0221] INFO  4668 org.apache.juli.logging.DirectJDKLog: Starting ProtocolHandler ["http-nio-8080"]
14-56-03432 [e33046fe-3be3-4881-b000-5a129be2c005 app_name=m6-elk app_version=0.1.0-SNAPSHOT EPBYGOMW0221] INFO  4668 org.springframework.boot.web.embedded.tomcat.TomcatWebServer: Tomcat started on port(s): 8080 (http) with context path ''
14-56-03448 [eafc6a90-03b1-46dc-bb4b-7d8f44957040 app_name=m6-elk app_version=0.1.0-SNAPSHOT EPBYGOMW0221] INFO  4668 org.springframework.boot.StartupInfoLogger: Started Application in 3.776 seconds (JVM running for 5.199)
14-56-03576 [0bcb43e2-78fb-4a00-b96e-f86b0d5ca092 app_name=m6-elk app_version=0.1.0-SNAPSHOT EPBYGOMW0221] WARN  4668 com.example.yrofeeva.helen.elk.client.impl.LowLevelElasticClient: Elasticsearch action PUT /events2/_doc/1 failed
java.net.ConnectException: Connection refused: no further information
	at org.elasticsearch.client.RestClient.extractAndWrapCause(RestClient.java:849)
	at org.elasticsearch.client.RestClient.performRequest(RestClient.java:259)
	at org.elasticsearch.client.RestClient.performRequest(RestClient.java:246)
	at com.example.yrofeeva.helen.elk.client.impl.LowLevelElasticClient.upsertEvent(LowLevelElasticClient.java:110)
	at com.example.yrofeeva.helen.elk.client.impl.LowLevelElasticClient.updateEvent(LowLevelElasticClient.java:101)
	at com.example.yrofeeva.helen.elk.LogProducer.run(LogProducer.java:44)
	at org.springframework.boot.SpringApplication.callRunner(SpringApplication.java:819)
	at org.springframework.boot.SpringApplication.callRunners(SpringApplication.java:803)
	at org.springframework.boot.SpringApplication.run(SpringApplication.java:346)
	at org.springframework.boot.SpringApplication.run(SpringApplication.java:1340)
	at org.springframework.boot.SpringApplication.run(SpringApplication.java:1329)
	at com.example.yrofeeva.helen.elk.Application.main(Application.java:10)
Caused by: java.net.ConnectException: Connection refused: no further information
	at java.base/sun.nio.ch.Net.pollConnect(Native Method)
	at java.base/sun.nio.ch.Net.pollConnectNow(Net.java:672)
	at java.base/sun.nio.ch.SocketChannelImpl.finishConnect(SocketChannelImpl.java:973)
	at org.apache.http.impl.nio.reactor.DefaultConnectingIOReactor.processEvent(DefaultConnectingIOReactor.java:174)
	at org.apache.http.impl.nio.reactor.DefaultConnectingIOReactor.processEvents(DefaultConnectingIOReactor.java:148)
	at org.apache.http.impl.nio.reactor.AbstractMultiworkerIOReactor.execute(AbstractMultiworkerIOReactor.java:351)
	at org.apache.http.impl.nio.conn.PoolingNHttpClientConnectionManager.execute(PoolingNHttpClientConnectionManager.java:221)
	at org.apache.http.impl.nio.client.CloseableHttpAsyncClientBase$1.run(CloseableHttpAsyncClientBase.java:64)
	at java.base/java.lang.Thread.run(Thread.java:1589)
14-56-03585 [51ced401-d93d-4a5d-85c8-94292ed56025 app_name=m6-elk app_version=0.1.0-SNAPSHOT EPBYGOMW0221] WARN  4668 com.example.yrofeeva.helen.elk.client.impl.LowLevelElasticClient: Elasticsearch action PUT /events2/_doc/2 failed
java.net.ConnectException: Connection refused: no further information
	at org.elasticsearch.client.RestClient.extractAndWrapCause(RestClient.java:849)
	at org.elasticsearch.client.RestClient.performRequest(RestClient.java:259)
	at org.elasticsearch.client.RestClient.performRequest(RestClient.java:246)
	at com.example.yrofeeva.helen.elk.client.impl.LowLevelElasticClient.upsertEvent(LowLevelElasticClient.java:110)
	at com.example.yrofeeva.helen.elk.client.impl.LowLevelElasticClient.updateEvent(LowLevelElasticClient.java:101)
	at com.example.yrofeeva.helen.elk.LogProducer.run(LogProducer.java:44)
	at org.springframework.boot.SpringApplication.callRunner(SpringApplication.java:819)
	at org.springframework.boot.SpringApplication.callRunners(SpringApplication.java:803)
	at org.springframework.boot.SpringApplication.run(SpringApplication.java:346)
	at org.springframework.boot.SpringApplication.run(SpringApplication.java:1340)
	at org.springframework.boot.SpringApplication.run(SpringApplication.java:1329)
	at com.example.yrofeeva.helen.elk.Application.main(Application.java:10)
Caused by: java.net.ConnectException: Connection refused: no further information
	at java.base/sun.nio.ch.Net.pollConnect(Native Method)
	at java.base/sun.nio.ch.Net.pollConnectNow(Net.java:672)
	at java.base/sun.nio.ch.SocketChannelImpl.finishConnect(SocketChannelImpl.java:973)
	at org.apache.http.impl.nio.reactor.DefaultConnectingIOReactor.processEvent(DefaultConnectingIOReactor.java:174)
	at org.apache.http.impl.nio.reactor.DefaultConnectingIOReactor.processEvents(DefaultConnectingIOReactor.java:148)
	at org.apache.http.impl.nio.reactor.AbstractMultiworkerIOReactor.execute(AbstractMultiworkerIOReactor.java:351)
	at org.apache.http.impl.nio.conn.PoolingNHttpClientConnectionManager.execute(PoolingNHttpClientConnectionManager.java:221)
	at org.apache.http.impl.nio.client.CloseableHttpAsyncClientBase$1.run(CloseableHttpAsyncClientBase.java:64)
	at java.base/java.lang.Thread.run(Thread.java:1589)
14-56-03593 [7ec2f2d8-0b96-4371-ac3a-3d8f1ef4847e app_name=m6-elk app_version=0.1.0-SNAPSHOT EPBYGOMW0221] WARN  4668 com.example.yrofeeva.helen.elk.client.impl.LowLevelElasticClient: Elasticsearch action PUT /events2/_doc/3 failed
java.net.ConnectException: Connection refused: no further information
	at org.elasticsearch.client.RestClient.extractAndWrapCause(RestClient.java:849)
	at org.elasticsearch.client.RestClient.performRequest(RestClient.java:259)
	at org.elasticsearch.client.RestClient.performRequest(RestClient.java:246)
	at com.example.yrofeeva.helen.elk.client.impl.LowLevelElasticClient.upsertEvent(LowLevelElasticClient.java:110)
	at com.example.yrofeeva.helen.elk.client.impl.LowLevelElasticClient.updateEvent(LowLevelElasticClient.java:101)
	at com.example.yrofeeva.helen.elk.LogProducer.run(LogProducer.java:44)
	at org.springframework.boot.SpringApplication.callRunner(SpringApplication.java:819)
	at org.springframework.boot.SpringApplication.callRunners(SpringApplication.java:803)
	at org.springframework.boot.SpringApplication.run(SpringApplication.java:346)
	at org.springframework.boot.SpringApplication.run(SpringApplication.java:1340)
	at org.springframework.boot.SpringApplication.run(SpringApplication.java:1329)
	at com.example.yrofeeva.helen.elk.Application.main(Application.java:10)
Caused by: java.net.ConnectException: Connection refused: no further information
	at java.base/sun.nio.ch.Net.pollConnect(Native Method)
	at java.base/sun.nio.ch.Net.pollConnectNow(Net.java:672)
	at java.base/sun.nio.ch.SocketChannelImpl.finishConnect(SocketChannelImpl.java:973)
	at org.apache.http.impl.nio.reactor.DefaultConnectingIOReactor.processEvent(DefaultConnectingIOReactor.java:174)
	at org.apache.http.impl.nio.reactor.DefaultConnectingIOReactor.processEvents(DefaultConnectingIOReactor.java:148)
	at org.apache.http.impl.nio.reactor.AbstractMultiworkerIOReactor.execute(AbstractMultiworkerIOReactor.java:351)
	at org.apache.http.impl.nio.conn.PoolingNHttpClientConnectionManager.execute(PoolingNHttpClientConnectionManager.java:221)
	at org.apache.http.impl.nio.client.CloseableHttpAsyncClientBase$1.run(CloseableHttpAsyncClientBase.java:64)
	at java.base/java.lang.Thread.run(Thread.java:1589)
14-56-03601 [25666459-d57c-4522-a592-b40abd721390 app_name=m6-elk app_version=0.1.0-SNAPSHOT EPBYGOMW0221] WARN  4668 com.example.yrofeeva.helen.elk.client.impl.LowLevelElasticClient: Elasticsearch action PUT /events2/_doc/4 failed
java.net.ConnectException: Connection refused: no further information
	at org.elasticsearch.client.RestClient.extractAndWrapCause(RestClient.java:849)
	at org.elasticsearch.client.RestClient.performRequest(RestClient.java:259)
	at org.elasticsearch.client.RestClient.performRequest(RestClient.java:246)
	at com.example.yrofeeva.helen.elk.client.impl.LowLevelElasticClient.upsertEvent(LowLevelElasticClient.java:110)
	at com.example.yrofeeva.helen.elk.client.impl.LowLevelElasticClient.updateEvent(LowLevelElasticClient.java:101)
	at com.example.yrofeeva.helen.elk.LogProducer.run(LogProducer.java:44)
	at org.springframework.boot.SpringApplication.callRunner(SpringApplication.java:819)
	at org.springframework.boot.SpringApplication.callRunners(SpringApplication.java:803)
	at org.springframework.boot.SpringApplication.run(SpringApplication.java:346)
	at org.springframework.boot.SpringApplication.run(SpringApplication.java:1340)
	at org.springframework.boot.SpringApplication.run(SpringApplication.java:1329)
	at com.example.yrofeeva.helen.elk.Application.main(Application.java:10)
Caused by: java.net.ConnectException: Connection refused: no further information
	at java.base/sun.nio.ch.Net.pollConnect(Native Method)
	at java.base/sun.nio.ch.Net.pollConnectNow(Net.java:672)
	at java.base/sun.nio.ch.SocketChannelImpl.finishConnect(SocketChannelImpl.java:973)
	at org.apache.http.impl.nio.reactor.DefaultConnectingIOReactor.processEvent(DefaultConnectingIOReactor.java:174)
	at org.apache.http.impl.nio.reactor.DefaultConnectingIOReactor.processEvents(DefaultConnectingIOReactor.java:148)
	at org.apache.http.impl.nio.reactor.AbstractMultiworkerIOReactor.execute(AbstractMultiworkerIOReactor.java:351)
	at org.apache.http.impl.nio.conn.PoolingNHttpClientConnectionManager.execute(PoolingNHttpClientConnectionManager.java:221)
	at org.apache.http.impl.nio.client.CloseableHttpAsyncClientBase$1.run(CloseableHttpAsyncClientBase.java:64)
	at java.base/java.lang.Thread.run(Thread.java:1589)
14-56-03603 [885235b1-2b1b-465e-8f62-94cfa20b44a2 app_name=m6-elk app_version=0.1.0-SNAPSHOT EPBYGOMW0221] INFO  4668 com.example.yrofeeva.helen.elk.LogProducer: GET Event by id: 3
14-56-03608 [6673c58a-59a7-4c45-a1cc-fb7120628899 app_name=m6-elk app_version=0.1.0-SNAPSHOT EPBYGOMW0221] WARN  4668 com.example.yrofeeva.helen.elk.client.impl.LowLevelElasticClient: Elasticsearch action GET /events2/_doc/3 failed
java.net.ConnectException: Connection refused: no further information
	at org.elasticsearch.client.RestClient.extractAndWrapCause(RestClient.java:849)
	at org.elasticsearch.client.RestClient.performRequest(RestClient.java:259)
	at org.elasticsearch.client.RestClient.performRequest(RestClient.java:246)
	at com.example.yrofeeva.helen.elk.client.impl.LowLevelElasticClient.getEvent(LowLevelElasticClient.java:127)
	at com.example.yrofeeva.helen.elk.LogProducer.run(LogProducer.java:49)
	at org.springframework.boot.SpringApplication.callRunner(SpringApplication.java:819)
	at org.springframework.boot.SpringApplication.callRunners(SpringApplication.java:803)
	at org.springframework.boot.SpringApplication.run(SpringApplication.java:346)
	at org.springframework.boot.SpringApplication.run(SpringApplication.java:1340)
	at org.springframework.boot.SpringApplication.run(SpringApplication.java:1329)
	at com.example.yrofeeva.helen.elk.Application.main(Application.java:10)
Caused by: java.net.ConnectException: Connection refused: no further information
	at java.base/sun.nio.ch.Net.pollConnect(Native Method)
	at java.base/sun.nio.ch.Net.pollConnectNow(Net.java:672)
	at java.base/sun.nio.ch.SocketChannelImpl.finishConnect(SocketChannelImpl.java:973)
	at org.apache.http.impl.nio.reactor.DefaultConnectingIOReactor.processEvent(DefaultConnectingIOReactor.java:174)
	at org.apache.http.impl.nio.reactor.DefaultConnectingIOReactor.processEvents(DefaultConnectingIOReactor.java:148)
	at org.apache.http.impl.nio.reactor.AbstractMultiworkerIOReactor.execute(AbstractMultiworkerIOReactor.java:351)
	at org.apache.http.impl.nio.conn.PoolingNHttpClientConnectionManager.execute(PoolingNHttpClientConnectionManager.java:221)
	at org.apache.http.impl.nio.client.CloseableHttpAsyncClientBase$1.run(CloseableHttpAsyncClientBase.java:64)
	at java.base/java.lang.Thread.run(Thread.java:1589)
14-56-05619 [a620ff02-4586-4850-868c-81a65a8f99e8 app_name=m6-elk app_version=0.1.0-SNAPSHOT EPBYGOMW0221] INFO  4668 com.example.yrofeeva.helen.elk.LogProducer: GET Event by id: 1
14-56-05634 [e9b5c901-c848-4e88-8678-8a45713030cb app_name=m6-elk app_version=0.1.0-SNAPSHOT EPBYGOMW0221] WARN  4668 com.example.yrofeeva.helen.elk.client.impl.LowLevelElasticClient: Elasticsearch action GET /events2/_doc/1 failed
java.net.ConnectException: Connection refused: no further information
	at org.elasticsearch.client.RestClient.extractAndWrapCause(RestClient.java:849)
	at org.elasticsearch.client.RestClient.performRequest(RestClient.java:259)
	at org.elasticsearch.client.RestClient.performRequest(RestClient.java:246)
	at com.example.yrofeeva.helen.elk.client.impl.LowLevelElasticClient.getEvent(LowLevelElasticClient.java:127)
	at com.example.yrofeeva.helen.elk.LogProducer.run(LogProducer.java:49)
	at org.springframework.boot.SpringApplication.callRunner(SpringApplication.java:819)
	at org.springframework.boot.SpringApplication.callRunners(SpringApplication.java:803)
	at org.springframework.boot.SpringApplication.run(SpringApplication.java:346)
	at org.springframework.boot.SpringApplication.run(SpringApplication.java:1340)
	at org.springframework.boot.SpringApplication.run(SpringApplication.java:1329)
	at com.example.yrofeeva.helen.elk.Application.main(Application.java:10)
Caused by: java.net.ConnectException: Connection refused: no further information
	at java.base/sun.nio.ch.Net.pollConnect(Native Method)
	at java.base/sun.nio.ch.Net.pollConnectNow(Net.java:672)
	at java.base/sun.nio.ch.SocketChannelImpl.finishConnect(SocketChannelImpl.java:973)
	at org.apache.http.impl.nio.reactor.DefaultConnectingIOReactor.processEvent(DefaultConnectingIOReactor.java:174)
	at org.apache.http.impl.nio.reactor.DefaultConnectingIOReactor.processEvents(DefaultConnectingIOReactor.java:148)
	at org.apache.http.impl.nio.reactor.AbstractMultiworkerIOReactor.execute(AbstractMultiworkerIOReactor.java:351)
	at org.apache.http.impl.nio.conn.PoolingNHttpClientConnectionManager.execute(PoolingNHttpClientConnectionManager.java:221)
	at org.apache.http.impl.nio.client.CloseableHttpAsyncClientBase$1.run(CloseableHttpAsyncClientBase.java:64)
	at java.base/java.lang.Thread.run(Thread.java:1589)
14-56-07648 [d66b2079-601d-439c-a49f-1e02c2f7677b app_name=m6-elk app_version=0.1.0-SNAPSHOT EPBYGOMW0221] INFO  4668 com.example.yrofeeva.helen.elk.LogProducer: GET Event by id: 7
14-56-07664 [c18acce0-5b55-4caa-be35-5edab18a30ce app_name=m6-elk app_version=0.1.0-SNAPSHOT EPBYGOMW0221] WARN  4668 com.example.yrofeeva.helen.elk.client.impl.LowLevelElasticClient: Elasticsearch action GET /events2/_doc/7 failed
java.net.ConnectException: Connection refused: no further information
	at org.elasticsearch.client.RestClient.extractAndWrapCause(RestClient.java:849)
	at org.elasticsearch.client.RestClient.performRequest(RestClient.java:259)
	at org.elasticsearch.client.RestClient.performRequest(RestClient.java:246)
	at com.example.yrofeeva.helen.elk.client.impl.LowLevelElasticClient.getEvent(LowLevelElasticClient.java:127)
	at com.example.yrofeeva.helen.elk.LogProducer.run(LogProducer.java:49)
	at org.springframework.boot.SpringApplication.callRunner(SpringApplication.java:819)
	at org.springframework.boot.SpringApplication.callRunners(SpringApplication.java:803)
	at org.springframework.boot.SpringApplication.run(SpringApplication.java:346)
	at org.springframework.boot.SpringApplication.run(SpringApplication.java:1340)
	at org.springframework.boot.SpringApplication.run(SpringApplication.java:1329)
	at com.example.yrofeeva.helen.elk.Application.main(Application.java:10)
Caused by: java.net.ConnectException: Connection refused: no further information
	at java.base/sun.nio.ch.Net.pollConnect(Native Method)
	at java.base/sun.nio.ch.Net.pollConnectNow(Net.java:672)
	at java.base/sun.nio.ch.SocketChannelImpl.finishConnect(SocketChannelImpl.java:973)
	at org.apache.http.impl.nio.reactor.DefaultConnectingIOReactor.processEvent(DefaultConnectingIOReactor.java:174)
	at org.apache.http.impl.nio.reactor.DefaultConnectingIOReactor.processEvents(DefaultConnectingIOReactor.java:148)
	at org.apache.http.impl.nio.reactor.AbstractMultiworkerIOReactor.execute(AbstractMultiworkerIOReactor.java:351)
	at org.apache.http.impl.nio.conn.PoolingNHttpClientConnectionManager.execute(PoolingNHttpClientConnectionManager.java:221)
	at org.apache.http.impl.nio.client.CloseableHttpAsyncClientBase$1.run(CloseableHttpAsyncClientBase.java:64)
	at java.base/java.lang.Thread.run(Thread.java:1589)
14-56-09671 [9b357b42-ac7d-405f-a735-33f74462e99f app_name=m6-elk app_version=0.1.0-SNAPSHOT EPBYGOMW0221] INFO  4668 com.example.yrofeeva.helen.elk.LogProducer: GET Event by id: 6
14-56-09674 [2d4f34bd-3294-4e7d-8627-7b4f2b4a9b8e app_name=m6-elk app_version=0.1.0-SNAPSHOT EPBYGOMW0221] WARN  4668 com.example.yrofeeva.helen.elk.client.impl.LowLevelElasticClient: Elasticsearch action GET /events2/_doc/6 failed
java.net.ConnectException: Connection refused: no further information
	at org.elasticsearch.client.RestClient.extractAndWrapCause(RestClient.java:849)
	at org.elasticsearch.client.RestClient.performRequest(RestClient.java:259)
	at org.elasticsearch.client.RestClient.performRequest(RestClient.java:246)
	at com.example.yrofeeva.helen.elk.client.impl.LowLevelElasticClient.getEvent(LowLevelElasticClient.java:127)
	at com.example.yrofeeva.helen.elk.LogProducer.run(LogProducer.java:49)
	at org.springframework.boot.SpringApplication.callRunner(SpringApplication.java:819)
	at org.springframework.boot.SpringApplication.callRunners(SpringApplication.java:803)
	at org.springframework.boot.SpringApplication.run(SpringApplication.java:346)
	at org.springframework.boot.SpringApplication.run(SpringApplication.java:1340)
	at org.springframework.boot.SpringApplication.run(SpringApplication.java:1329)
	at com.example.yrofeeva.helen.elk.Application.main(Application.java:10)
Caused by: java.net.ConnectException: Connection refused: no further information
	at java.base/sun.nio.ch.Net.pollConnect(Native Method)
	at java.base/sun.nio.ch.Net.pollConnectNow(Net.java:672)
	at java.base/sun.nio.ch.SocketChannelImpl.finishConnect(SocketChannelImpl.java:973)
	at org.apache.http.impl.nio.reactor.DefaultConnectingIOReactor.processEvent(DefaultConnectingIOReactor.java:174)
	at org.apache.http.impl.nio.reactor.DefaultConnectingIOReactor.processEvents(DefaultConnectingIOReactor.java:148)
	at org.apache.http.impl.nio.reactor.AbstractMultiworkerIOReactor.execute(AbstractMultiworkerIOReactor.java:351)
	at org.apache.http.impl.nio.conn.PoolingNHttpClientConnectionManager.execute(PoolingNHttpClientConnectionManager.java:221)
	at org.apache.http.impl.nio.client.CloseableHttpAsyncClientBase$1.run(CloseableHttpAsyncClientBase.java:64)
	at java.base/java.lang.Thread.run(Thread.java:1589)
14-56-10169 [5fe11607-b29c-4592-804a-1aa51be186da app_name=m6-elk app_version=0.1.0-SNAPSHOT EPBYGOMW0221] INFO  4668 org.springframework.scheduling.concurrent.ExecutorConfigurationSupport: Shutting down ExecutorService 'applicationTaskExecutor'
14-59-55579 [4b6fc8ea-89d2-46fe-8185-e3202552dd7b app_name=m6-elk app_version=0.1.0-SNAPSHOT EPBYGOMW0221] INFO  25864 org.springframework.boot.StartupInfoLogger: Starting Application using Java 19.0.2 on EPBYGOMW0221 with PID 25864 (D:\trainings\_JAMP_JAVA#1\ELK-demo\target\classes started by Helen_Yrofeeva in D:\trainings\_JAMP_JAVA#1\ELK-demo)
14-59-56350 [89cfe132-2356-42ba-a79d-37c73a620cb5 app_name=m6-elk app_version=0.1.0-SNAPSHOT EPBYGOMW0221] INFO  25864 org.springframework.boot.SpringApplication: No active profile set, falling back to default profiles: default
14-59-59098 [af6b1c06-d03b-4129-8957-d467061c2061 app_name=m6-elk app_version=0.1.0-SNAPSHOT EPBYGOMW0221] INFO  25864 org.springframework.boot.web.embedded.tomcat.TomcatWebServer: Tomcat initialized with port(s): 8080 (http)
14-59-59171 [3af6d0c3-c862-48c6-9b82-194769f053f5 app_name=m6-elk app_version=0.1.0-SNAPSHOT EPBYGOMW0221] INFO  25864 org.apache.juli.logging.DirectJDKLog: Initializing ProtocolHandler ["http-nio-8080"]
14-59-59227 [538422c4-9e32-480d-a1bb-3742144c4a55 app_name=m6-elk app_version=0.1.0-SNAPSHOT EPBYGOMW0221] INFO  25864 org.apache.juli.logging.DirectJDKLog: Starting service [Tomcat]
14-59-59230 [d83dfa27-b17c-4f87-bfb1-705c6551d63c app_name=m6-elk app_version=0.1.0-SNAPSHOT EPBYGOMW0221] INFO  25864 org.apache.juli.logging.DirectJDKLog: Starting Servlet engine: [Apache Tomcat/9.0.45]
15-00-00197 [ce493323-5b7e-4f38-a5c1-11221b28d5d1 app_name=m6-elk app_version=0.1.0-SNAPSHOT EPBYGOMW0221] INFO  25864 org.apache.juli.logging.DirectJDKLog: Initializing Spring embedded WebApplicationContext
15-00-00200 [75c2cd39-f4b5-44b3-8691-49d56e811283 app_name=m6-elk app_version=0.1.0-SNAPSHOT EPBYGOMW0221] INFO  25864 org.springframework.boot.web.servlet.context.ServletWebServerApplicationContext: Root WebApplicationContext: initialization completed in 3625 ms
15-00-02134 [05844dcf-7597-43b4-b795-f7732478f529 app_name=m6-elk app_version=0.1.0-SNAPSHOT EPBYGOMW0221] INFO  25864 org.springframework.scheduling.concurrent.ExecutorConfigurationSupport: Initializing ExecutorService 'applicationTaskExecutor'
15-00-03009 [5e482850-1435-42ec-a9c9-a222fe5a1633 app_name=m6-elk app_version=0.1.0-SNAPSHOT EPBYGOMW0221] INFO  25864 org.apache.juli.logging.DirectJDKLog: Starting ProtocolHandler ["http-nio-8080"]
15-00-03176 [673ac7ee-1dee-4371-a6e7-eec54e62d76a app_name=m6-elk app_version=0.1.0-SNAPSHOT EPBYGOMW0221] INFO  25864 org.springframework.boot.web.embedded.tomcat.TomcatWebServer: Tomcat started on port(s): 8080 (http) with context path ''
15-00-03252 [eb6c90ce-383a-48a1-b741-c87eee2e4cc7 app_name=m6-elk app_version=0.1.0-SNAPSHOT EPBYGOMW0221] INFO  25864 org.springframework.boot.StartupInfoLogger: Started Application in 8.974 seconds (JVM running for 10.464)
15-00-05922 [74342640-2789-484b-a710-f15a5f033dee app_name=m6-elk app_version=0.1.0-SNAPSHOT EPBYGOMW0221] INFO  25864 com.example.yrofeeva.helen.elk.LogProducer: GET Event by id: 2
15-00-06010 [92c9a246-6feb-4352-b8d3-43181e0518f1 app_name=m6-elk app_version=0.1.0-SNAPSHOT EPBYGOMW0221] INFO  25864 com.example.yrofeeva.helen.elk.LogProducer: Event: event 2
15-00-08017 [e74bcb4b-1b96-4677-840a-77f928bce372 app_name=m6-elk app_version=0.1.0-SNAPSHOT EPBYGOMW0221] INFO  25864 com.example.yrofeeva.helen.elk.LogProducer: GET Event by id: 3
15-00-08027 [4e184f31-caae-4129-854b-8f831ebfa613 app_name=m6-elk app_version=0.1.0-SNAPSHOT EPBYGOMW0221] INFO  25864 com.example.yrofeeva.helen.elk.LogProducer: Event: event 3
15-00-10041 [23576828-8eda-4a35-9baa-e091f9468f5c app_name=m6-elk app_version=0.1.0-SNAPSHOT EPBYGOMW0221] INFO  25864 com.example.yrofeeva.helen.elk.LogProducer: GET Event by id: 6
15-00-10051 [8c5d387e-5635-44da-9d2a-43e3a26f832c app_name=m6-elk app_version=0.1.0-SNAPSHOT EPBYGOMW0221] WARN  25864 com.example.yrofeeva.helen.elk.client.impl.LowLevelElasticClient: Elasticsearch action GET /events2/_doc/6 failed
15-00-12057 [8a495650-57e1-4ba1-b2fc-b08e4ca09a7c app_name=m6-elk app_version=0.1.0-SNAPSHOT EPBYGOMW0221] INFO  25864 com.example.yrofeeva.helen.elk.LogProducer: GET Event by id: 2
15-00-12066 [ecb4afa5-8051-4927-946f-5d58975bbe6f app_name=m6-elk app_version=0.1.0-SNAPSHOT EPBYGOMW0221] INFO  25864 com.example.yrofeeva.helen.elk.LogProducer: Event: event 2
15-00-14068 [b9d3c64b-561e-4dca-9e64-61cf8ab59171 app_name=m6-elk app_version=0.1.0-SNAPSHOT EPBYGOMW0221] INFO  25864 com.example.yrofeeva.helen.elk.LogProducer: GET Event by id: 7
15-00-14074 [51984c73-cfe3-49b1-a089-4e203d9c0155 app_name=m6-elk app_version=0.1.0-SNAPSHOT EPBYGOMW0221] WARN  25864 com.example.yrofeeva.helen.elk.client.impl.LowLevelElasticClient: Elasticsearch action GET /events2/_doc/7 failed
15-00-16083 [f1df3261-6f94-4a0d-a87b-eac3dc271135 app_name=m6-elk app_version=0.1.0-SNAPSHOT EPBYGOMW0221] INFO  25864 com.example.yrofeeva.helen.elk.LogProducer: GET Event by id: 7
15-00-16090 [da2c9e12-399c-44f7-ac69-7f52a1ed2a9c app_name=m6-elk app_version=0.1.0-SNAPSHOT EPBYGOMW0221] WARN  25864 com.example.yrofeeva.helen.elk.client.impl.LowLevelElasticClient: Elasticsearch action GET /events2/_doc/7 failed
15-00-18106 [7857402e-b747-411e-a596-ba4bc0a0a12e app_name=m6-elk app_version=0.1.0-SNAPSHOT EPBYGOMW0221] INFO  25864 com.example.yrofeeva.helen.elk.LogProducer: GET Event by id: 3
15-00-18114 [5d476f09-634b-47dd-8427-ad48faea5f96 app_name=m6-elk app_version=0.1.0-SNAPSHOT EPBYGOMW0221] INFO  25864 com.example.yrofeeva.helen.elk.LogProducer: Event: event 3
15-00-20120 [1b9eee51-ac26-4391-9dbd-aa0ddd3cbf1c app_name=m6-elk app_version=0.1.0-SNAPSHOT EPBYGOMW0221] INFO  25864 com.example.yrofeeva.helen.elk.LogProducer: GET Event by id: 9
15-00-20126 [2e7d8956-b729-4d7c-8e15-c1d7b0b2dc7c app_name=m6-elk app_version=0.1.0-SNAPSHOT EPBYGOMW0221] WARN  25864 com.example.yrofeeva.helen.elk.client.impl.LowLevelElasticClient: Elasticsearch action GET /events2/_doc/9 failed
15-00-22138 [49460950-59b4-4bc1-ab6b-352a4a2638a4 app_name=m6-elk app_version=0.1.0-SNAPSHOT EPBYGOMW0221] INFO  25864 com.example.yrofeeva.helen.elk.LogProducer: GET Event by id: 6
15-00-22145 [bf0082a0-4ac2-4982-9b9a-93664cbceb27 app_name=m6-elk app_version=0.1.0-SNAPSHOT EPBYGOMW0221] WARN  25864 com.example.yrofeeva.helen.elk.client.impl.LowLevelElasticClient: Elasticsearch action GET /events2/_doc/6 failed
15-00-24155 [182f07f8-f5c3-4077-891a-61a12380a346 app_name=m6-elk app_version=0.1.0-SNAPSHOT EPBYGOMW0221] INFO  25864 com.example.yrofeeva.helen.elk.LogProducer: GET Event by id: 5
15-00-24161 [4db4acb7-c5cb-4da6-bcef-9d3f585152fd app_name=m6-elk app_version=0.1.0-SNAPSHOT EPBYGOMW0221] WARN  25864 com.example.yrofeeva.helen.elk.client.impl.LowLevelElasticClient: Elasticsearch action GET /events2/_doc/5 failed
15-00-26168 [8f56bbac-0573-48d2-88ef-3354cb059cbc app_name=m6-elk app_version=0.1.0-SNAPSHOT EPBYGOMW0221] INFO  25864 com.example.yrofeeva.helen.elk.LogProducer: GET Event by id: 1
15-00-26175 [0da54c8d-7c48-4ed9-b672-251652389a17 app_name=m6-elk app_version=0.1.0-SNAPSHOT EPBYGOMW0221] INFO  25864 com.example.yrofeeva.helen.elk.LogProducer: Event: event 1
15-00-28181 [9f130d86-f7d1-4483-8864-fd3000d295a9 app_name=m6-elk app_version=0.1.0-SNAPSHOT EPBYGOMW0221] INFO  25864 com.example.yrofeeva.helen.elk.LogProducer: GET Event by id: 2
15-00-28197 [b527a1b4-06ab-435c-9596-084424e7ce38 app_name=m6-elk app_version=0.1.0-SNAPSHOT EPBYGOMW0221] INFO  25864 com.example.yrofeeva.helen.elk.LogProducer: Event: event 2
15-00-30205 [de8cc1e9-6d8e-4d9d-978a-ab4e259ae99b app_name=m6-elk app_version=0.1.0-SNAPSHOT EPBYGOMW0221] INFO  25864 com.example.yrofeeva.helen.elk.LogProducer: GET Event by id: 8
15-00-30212 [510658e4-38c4-4367-998e-f894a25f771b app_name=m6-elk app_version=0.1.0-SNAPSHOT EPBYGOMW0221] WARN  25864 com.example.yrofeeva.helen.elk.client.impl.LowLevelElasticClient: Elasticsearch action GET /events2/_doc/8 failed
15-00-32271 [5c004c20-4fe5-4969-8f6b-61ffba3a0c5d app_name=m6-elk app_version=0.1.0-SNAPSHOT EPBYGOMW0221] INFO  25864 com.example.yrofeeva.helen.elk.LogProducer: GET Event by id: 5
15-00-32394 [b9f5b0c4-cd6f-4c58-9c9d-fc6ec9a4c6f3 app_name=m6-elk app_version=0.1.0-SNAPSHOT EPBYGOMW0221] WARN  25864 com.example.yrofeeva.helen.elk.client.impl.LowLevelElasticClient: Elasticsearch action GET /events2/_doc/5 failed
15-00-34398 [24318f00-9381-41ee-bdee-42a2f602419b app_name=m6-elk app_version=0.1.0-SNAPSHOT EPBYGOMW0221] INFO  25864 com.example.yrofeeva.helen.elk.LogProducer: GET Event by id: 9
15-00-34406 [3fdc5309-db9a-4ab3-b1bf-ff81ac7a54a3 app_name=m6-elk app_version=0.1.0-SNAPSHOT EPBYGOMW0221] WARN  25864 com.example.yrofeeva.helen.elk.client.impl.LowLevelElasticClient: Elasticsearch action GET /events2/_doc/9 failed
15-00-36412 [4433fdc3-f173-49f0-84fe-3124e70955c3 app_name=m6-elk app_version=0.1.0-SNAPSHOT EPBYGOMW0221] INFO  25864 com.example.yrofeeva.helen.elk.LogProducer: GET Event by id: 1
15-00-36420 [2080385e-135c-4999-b775-0ab69639ca9a app_name=m6-elk app_version=0.1.0-SNAPSHOT EPBYGOMW0221] INFO  25864 com.example.yrofeeva.helen.elk.LogProducer: Event: event 1
15-00-38422 [e7ab9994-593a-438d-829a-2e16bf417566 app_name=m6-elk app_version=0.1.0-SNAPSHOT EPBYGOMW0221] INFO  25864 com.example.yrofeeva.helen.elk.LogProducer: GET Event by id: 4
15-00-38431 [678ebe36-e641-4ce3-b32e-47d088d109a0 app_name=m6-elk app_version=0.1.0-SNAPSHOT EPBYGOMW0221] INFO  25864 com.example.yrofeeva.helen.elk.LogProducer: Event: event 4
15-00-40440 [0bdd2a10-0782-4d9d-a1d3-5d1dfea13646 app_name=m6-elk app_version=0.1.0-SNAPSHOT EPBYGOMW0221] INFO  25864 com.example.yrofeeva.helen.elk.LogProducer: GET Event by id: 1
15-00-40447 [c64460dc-2850-4d07-a776-5f85d5d3ef43 app_name=m6-elk app_version=0.1.0-SNAPSHOT EPBYGOMW0221] INFO  25864 com.example.yrofeeva.helen.elk.LogProducer: Event: event 1
15-00-42462 [0a232a7f-8b39-49ae-bb66-f75485699541 app_name=m6-elk app_version=0.1.0-SNAPSHOT EPBYGOMW0221] INFO  25864 com.example.yrofeeva.helen.elk.LogProducer: GET Event by id: 8
15-00-42470 [d8fd7671-2ff3-4d56-b131-b3b1b7b44b7e app_name=m6-elk app_version=0.1.0-SNAPSHOT EPBYGOMW0221] WARN  25864 com.example.yrofeeva.helen.elk.client.impl.LowLevelElasticClient: Elasticsearch action GET /events2/_doc/8 failed
15-00-44485 [94177d7c-b8ff-47d6-bac0-4fd41a5a294a app_name=m6-elk app_version=0.1.0-SNAPSHOT EPBYGOMW0221] INFO  25864 com.example.yrofeeva.helen.elk.LogProducer: GET Event by id: 6
15-00-44492 [20b9e650-99f3-4137-8bc8-9f02383f231e app_name=m6-elk app_version=0.1.0-SNAPSHOT EPBYGOMW0221] WARN  25864 com.example.yrofeeva.helen.elk.client.impl.LowLevelElasticClient: Elasticsearch action GET /events2/_doc/6 failed
15-00-46500 [73276ce9-1102-469c-a7c4-c6d8169c35fb app_name=m6-elk app_version=0.1.0-SNAPSHOT EPBYGOMW0221] INFO  25864 com.example.yrofeeva.helen.elk.LogProducer: GET Event by id: 3
15-00-46506 [ed3c135e-1b7a-4dc9-ba01-b75f76c12c1f app_name=m6-elk app_version=0.1.0-SNAPSHOT EPBYGOMW0221] INFO  25864 com.example.yrofeeva.helen.elk.LogProducer: Event: event 3
15-00-48512 [dd43e63b-062a-423b-a580-c311ffd2429e app_name=m6-elk app_version=0.1.0-SNAPSHOT EPBYGOMW0221] INFO  25864 com.example.yrofeeva.helen.elk.LogProducer: GET Event by id: 2
15-00-48528 [740ba14b-c23a-4556-a98d-cf0403c97357 app_name=m6-elk app_version=0.1.0-SNAPSHOT EPBYGOMW0221] INFO  25864 com.example.yrofeeva.helen.elk.LogProducer: Event: event 2
15-00-50543 [1db981e7-b87f-4481-b648-e5088ac9cabf app_name=m6-elk app_version=0.1.0-SNAPSHOT EPBYGOMW0221] INFO  25864 com.example.yrofeeva.helen.elk.LogProducer: GET Event by id: 4
15-00-50569 [cb179ef6-0760-4b3d-807d-3b6d5680ebe3 app_name=m6-elk app_version=0.1.0-SNAPSHOT EPBYGOMW0221] INFO  25864 com.example.yrofeeva.helen.elk.LogProducer: Event: event 4
15-00-52574 [7fe4229a-1a92-4178-82a8-67c4fa921262 app_name=m6-elk app_version=0.1.0-SNAPSHOT EPBYGOMW0221] INFO  25864 com.example.yrofeeva.helen.elk.LogProducer: GET Event by id: 7
15-00-52585 [eb38ce60-5632-40b9-8a8f-860e184a74c8 app_name=m6-elk app_version=0.1.0-SNAPSHOT EPBYGOMW0221] WARN  25864 com.example.yrofeeva.helen.elk.client.impl.LowLevelElasticClient: Elasticsearch action GET /events2/_doc/7 failed
15-00-54589 [e1a40190-9e7a-403e-b8cc-c5fa75d4f87c app_name=m6-elk app_version=0.1.0-SNAPSHOT EPBYGOMW0221] INFO  25864 com.example.yrofeeva.helen.elk.LogProducer: GET Event by id: 5
15-00-54599 [bf0ad5ad-554d-480c-8d74-307be1df1909 app_name=m6-elk app_version=0.1.0-SNAPSHOT EPBYGOMW0221] WARN  25864 com.example.yrofeeva.helen.elk.client.impl.LowLevelElasticClient: Elasticsearch action GET /events2/_doc/5 failed
15-00-56615 [1e1561a8-c7ef-4906-a108-87011f261526 app_name=m6-elk app_version=0.1.0-SNAPSHOT EPBYGOMW0221] INFO  25864 com.example.yrofeeva.helen.elk.LogProducer: GET Event by id: 8
15-00-56623 [6c1fcb34-1f84-4f7c-917f-168fddb68a73 app_name=m6-elk app_version=0.1.0-SNAPSHOT EPBYGOMW0221] WARN  25864 com.example.yrofeeva.helen.elk.client.impl.LowLevelElasticClient: Elasticsearch action GET /events2/_doc/8 failed
15-00-58635 [c4c1059e-2611-4d4d-a90e-89fc7b78561a app_name=m6-elk app_version=0.1.0-SNAPSHOT EPBYGOMW0221] INFO  25864 com.example.yrofeeva.helen.elk.LogProducer: GET Event by id: 2
15-00-58643 [3374195b-60ab-4b8e-8b34-db1848828772 app_name=m6-elk app_version=0.1.0-SNAPSHOT EPBYGOMW0221] INFO  25864 com.example.yrofeeva.helen.elk.LogProducer: Event: event 2
15-01-00656 [2d4d4a7d-c905-4891-b347-871553943786 app_name=m6-elk app_version=0.1.0-SNAPSHOT EPBYGOMW0221] INFO  25864 com.example.yrofeeva.helen.elk.LogProducer: GET Event by id: 9
15-01-00663 [6ec572be-ce1d-42f4-b220-7b27a4ec353c app_name=m6-elk app_version=0.1.0-SNAPSHOT EPBYGOMW0221] WARN  25864 com.example.yrofeeva.helen.elk.client.impl.LowLevelElasticClient: Elasticsearch action GET /events2/_doc/9 failed
15-01-02669 [aa7c3e54-41a2-49be-8c28-a736bec8db0c app_name=m6-elk app_version=0.1.0-SNAPSHOT EPBYGOMW0221] INFO  25864 com.example.yrofeeva.helen.elk.LogProducer: GET Event by id: 2
15-01-02677 [07eb8a4a-720b-441a-9620-b83cd91404f6 app_name=m6-elk app_version=0.1.0-SNAPSHOT EPBYGOMW0221] INFO  25864 com.example.yrofeeva.helen.elk.LogProducer: Event: event 2
15-01-04691 [a1a929a1-3269-4f7b-acfc-228c7d65d5a5 app_name=m6-elk app_version=0.1.0-SNAPSHOT EPBYGOMW0221] INFO  25864 com.example.yrofeeva.helen.elk.LogProducer: GET Event by id: 2
15-01-04697 [a59cca7d-8ded-43d1-9894-41bfbd1e6f41 app_name=m6-elk app_version=0.1.0-SNAPSHOT EPBYGOMW0221] INFO  25864 com.example.yrofeeva.helen.elk.LogProducer: Event: event 2
15-01-06709 [0c25c690-9293-4f4a-9f1e-4e885dca4f02 app_name=m6-elk app_version=0.1.0-SNAPSHOT EPBYGOMW0221] INFO  25864 com.example.yrofeeva.helen.elk.LogProducer: GET Event by id: 8
15-01-06714 [e674e555-8828-4fe3-951d-d71b5c99edf2 app_name=m6-elk app_version=0.1.0-SNAPSHOT EPBYGOMW0221] WARN  25864 com.example.yrofeeva.helen.elk.client.impl.LowLevelElasticClient: Elasticsearch action GET /events2/_doc/8 failed
15-01-08760 [ce6d1972-df21-4079-9d31-ef4ded02a4fb app_name=m6-elk app_version=0.1.0-SNAPSHOT EPBYGOMW0221] INFO  25864 com.example.yrofeeva.helen.elk.LogProducer: GET Event by id: 9
15-01-08940 [d9101713-cfa7-4d13-aec6-2341a58dc085 app_name=m6-elk app_version=0.1.0-SNAPSHOT EPBYGOMW0221] WARN  25864 com.example.yrofeeva.helen.elk.client.impl.LowLevelElasticClient: Elasticsearch action GET /events2/_doc/9 failed
15-01-10956 [c4761d3b-9158-41e3-a15d-98470bed29c4 app_name=m6-elk app_version=0.1.0-SNAPSHOT EPBYGOMW0221] INFO  25864 com.example.yrofeeva.helen.elk.LogProducer: GET Event by id: 7
15-01-10974 [8bdbc43e-2058-4d46-bd8a-06b25028a834 app_name=m6-elk app_version=0.1.0-SNAPSHOT EPBYGOMW0221] WARN  25864 com.example.yrofeeva.helen.elk.client.impl.LowLevelElasticClient: Elasticsearch action GET /events2/_doc/7 failed
15-01-12981 [259eee51-4852-4bb0-ac90-0e9c205a7b97 app_name=m6-elk app_version=0.1.0-SNAPSHOT EPBYGOMW0221] INFO  25864 com.example.yrofeeva.helen.elk.LogProducer: GET Event by id: 2
15-01-13008 [c1f6d32e-2ae5-4ed6-aed0-fa0c9fa98ea8 app_name=m6-elk app_version=0.1.0-SNAPSHOT EPBYGOMW0221] INFO  25864 com.example.yrofeeva.helen.elk.LogProducer: Event: event 2
15-01-15016 [9470eba0-f3ae-435a-a65f-7b78cd043cc6 app_name=m6-elk app_version=0.1.0-SNAPSHOT EPBYGOMW0221] INFO  25864 com.example.yrofeeva.helen.elk.LogProducer: GET Event by id: 9
15-01-15021 [42e1511f-b670-4f45-9db0-fd3ca114a724 app_name=m6-elk app_version=0.1.0-SNAPSHOT EPBYGOMW0221] WARN  25864 com.example.yrofeeva.helen.elk.client.impl.LowLevelElasticClient: Elasticsearch action GET /events2/_doc/9 failed
15-01-17025 [12d1e28a-1d04-4bc1-b14a-02362669b8bb app_name=m6-elk app_version=0.1.0-SNAPSHOT EPBYGOMW0221] INFO  25864 com.example.yrofeeva.helen.elk.LogProducer: GET Event by id: 4
15-01-17036 [8aa8ff41-c7c3-4249-b61a-64681dfdf376 app_name=m6-elk app_version=0.1.0-SNAPSHOT EPBYGOMW0221] INFO  25864 com.example.yrofeeva.helen.elk.LogProducer: Event: event 4
15-01-19042 [2445c3ee-cd13-4268-a1d3-2d341a8a2a8f app_name=m6-elk app_version=0.1.0-SNAPSHOT EPBYGOMW0221] INFO  25864 com.example.yrofeeva.helen.elk.LogProducer: GET Event by id: 7
15-01-19049 [b5e6ccf7-01e8-4618-a795-356f9f36c3e4 app_name=m6-elk app_version=0.1.0-SNAPSHOT EPBYGOMW0221] WARN  25864 com.example.yrofeeva.helen.elk.client.impl.LowLevelElasticClient: Elasticsearch action GET /events2/_doc/7 failed
15-01-21057 [99f7be15-e782-4335-8047-a0cbca5f2340 app_name=m6-elk app_version=0.1.0-SNAPSHOT EPBYGOMW0221] INFO  25864 com.example.yrofeeva.helen.elk.LogProducer: GET Event by id: 2
15-01-21063 [c31429ab-2787-422b-8628-8c91e5afeafc app_name=m6-elk app_version=0.1.0-SNAPSHOT EPBYGOMW0221] INFO  25864 com.example.yrofeeva.helen.elk.LogProducer: Event: event 2
15-01-23069 [1a511256-c431-4f43-b003-9e1fbf7064f9 app_name=m6-elk app_version=0.1.0-SNAPSHOT EPBYGOMW0221] INFO  25864 com.example.yrofeeva.helen.elk.LogProducer: GET Event by id: 7
15-01-23074 [f1a79468-6c4e-4387-bdac-aba5ef301aaa app_name=m6-elk app_version=0.1.0-SNAPSHOT EPBYGOMW0221] WARN  25864 com.example.yrofeeva.helen.elk.client.impl.LowLevelElasticClient: Elasticsearch action GET /events2/_doc/7 failed
15-01-25088 [54784d42-3266-4f5d-a219-2508be927c8e app_name=m6-elk app_version=0.1.0-SNAPSHOT EPBYGOMW0221] INFO  25864 com.example.yrofeeva.helen.elk.LogProducer: GET Event by id: 1
15-01-25094 [46cf58f7-d838-4484-8a19-1df135af451a app_name=m6-elk app_version=0.1.0-SNAPSHOT EPBYGOMW0221] INFO  25864 com.example.yrofeeva.helen.elk.LogProducer: Event: event 1
15-01-27101 [a54de336-aa20-429c-9c77-d9001e827666 app_name=m6-elk app_version=0.1.0-SNAPSHOT EPBYGOMW0221] INFO  25864 com.example.yrofeeva.helen.elk.LogProducer: GET Event by id: 8
15-01-27109 [370f2677-6e69-4d67-bc3d-a35bb098445c app_name=m6-elk app_version=0.1.0-SNAPSHOT EPBYGOMW0221] WARN  25864 com.example.yrofeeva.helen.elk.client.impl.LowLevelElasticClient: Elasticsearch action GET /events2/_doc/8 failed
15-01-29109 [6812eb07-1d01-4ea1-9b5f-7d1c2269cb3e app_name=m6-elk app_version=0.1.0-SNAPSHOT EPBYGOMW0221] INFO  25864 com.example.yrofeeva.helen.elk.LogProducer: GET Event by id: 9
15-01-29117 [8f51b332-85f6-4cfb-9052-3d44617eff3f app_name=m6-elk app_version=0.1.0-SNAPSHOT EPBYGOMW0221] WARN  25864 com.example.yrofeeva.helen.elk.client.impl.LowLevelElasticClient: Elasticsearch action GET /events2/_doc/9 failed
15-01-31122 [8e2cc3bf-e12b-4e6e-8136-444bd6c86b11 app_name=m6-elk app_version=0.1.0-SNAPSHOT EPBYGOMW0221] INFO  25864 com.example.yrofeeva.helen.elk.LogProducer: GET Event by id: 2
15-01-31130 [ecb1dac8-5e5f-4211-a7bc-9227be2b077e app_name=m6-elk app_version=0.1.0-SNAPSHOT EPBYGOMW0221] INFO  25864 com.example.yrofeeva.helen.elk.LogProducer: Event: event 2
15-01-33145 [0609878c-4477-410f-aba5-72544a8d7089 app_name=m6-elk app_version=0.1.0-SNAPSHOT EPBYGOMW0221] INFO  25864 com.example.yrofeeva.helen.elk.LogProducer: GET Event by id: 1
15-01-33159 [8c1e8e76-a8bd-4ce0-8745-adf02298cdef app_name=m6-elk app_version=0.1.0-SNAPSHOT EPBYGOMW0221] INFO  25864 com.example.yrofeeva.helen.elk.LogProducer: Event: event 1
15-01-35175 [7f91ae16-ac2a-44e2-989b-edc48f58135b app_name=m6-elk app_version=0.1.0-SNAPSHOT EPBYGOMW0221] INFO  25864 com.example.yrofeeva.helen.elk.LogProducer: GET Event by id: 5
15-01-35180 [5cb71362-a255-4b21-a5ae-50300be9c83e app_name=m6-elk app_version=0.1.0-SNAPSHOT EPBYGOMW0221] WARN  25864 com.example.yrofeeva.helen.elk.client.impl.LowLevelElasticClient: Elasticsearch action GET /events2/_doc/5 failed
15-01-37183 [bfe7d56a-fb0a-4249-a1d0-9bd61521a608 app_name=m6-elk app_version=0.1.0-SNAPSHOT EPBYGOMW0221] INFO  25864 com.example.yrofeeva.helen.elk.LogProducer: GET Event by id: 3
15-01-37194 [88f509d0-e026-4eab-bcd4-0a9d4924283f app_name=m6-elk app_version=0.1.0-SNAPSHOT EPBYGOMW0221] INFO  25864 com.example.yrofeeva.helen.elk.LogProducer: Event: event 3
15-01-39209 [f802be9c-d4e3-452d-9b17-b91c0ed448d9 app_name=m6-elk app_version=0.1.0-SNAPSHOT EPBYGOMW0221] INFO  25864 com.example.yrofeeva.helen.elk.LogProducer: GET Event by id: 3
15-01-39217 [d5118b68-1015-48aa-b0b6-bfe94e6e266f app_name=m6-elk app_version=0.1.0-SNAPSHOT EPBYGOMW0221] INFO  25864 com.example.yrofeeva.helen.elk.LogProducer: Event: event 3
15-01-41236 [66624637-e873-485e-ac18-cc1c0c297091 app_name=m6-elk app_version=0.1.0-SNAPSHOT EPBYGOMW0221] INFO  25864 com.example.yrofeeva.helen.elk.LogProducer: GET Event by id: 7
15-01-41259 [37178643-fcb5-47fe-a462-6768ea6e840e app_name=m6-elk app_version=0.1.0-SNAPSHOT EPBYGOMW0221] WARN  25864 com.example.yrofeeva.helen.elk.client.impl.LowLevelElasticClient: Elasticsearch action GET /events2/_doc/7 failed
15-01-43273 [ebf943ba-8520-4507-9dd0-448821044f2d app_name=m6-elk app_version=0.1.0-SNAPSHOT EPBYGOMW0221] INFO  25864 com.example.yrofeeva.helen.elk.LogProducer: GET Event by id: 4
15-01-43281 [762821b1-7f4e-48d6-a84d-079ae73e8b82 app_name=m6-elk app_version=0.1.0-SNAPSHOT EPBYGOMW0221] INFO  25864 com.example.yrofeeva.helen.elk.LogProducer: Event: event 4
15-01-45284 [12f218ca-6e28-4733-9ef6-9cd7fc7ae21f app_name=m6-elk app_version=0.1.0-SNAPSHOT EPBYGOMW0221] INFO  25864 com.example.yrofeeva.helen.elk.LogProducer: GET Event by id: 5
15-01-45293 [7e65e327-7cc5-466f-b0bc-7d2c0de15d98 app_name=m6-elk app_version=0.1.0-SNAPSHOT EPBYGOMW0221] WARN  25864 com.example.yrofeeva.helen.elk.client.impl.LowLevelElasticClient: Elasticsearch action GET /events2/_doc/5 failed
15-01-47309 [45e68677-17c4-4d66-9bce-d85bf318bc4a app_name=m6-elk app_version=0.1.0-SNAPSHOT EPBYGOMW0221] INFO  25864 com.example.yrofeeva.helen.elk.LogProducer: GET Event by id: 8
15-01-47317 [52b46d2f-c789-400b-ab25-494d4b61b1ef app_name=m6-elk app_version=0.1.0-SNAPSHOT EPBYGOMW0221] WARN  25864 com.example.yrofeeva.helen.elk.client.impl.LowLevelElasticClient: Elasticsearch action GET /events2/_doc/8 failed
15-01-49320 [15212adb-6bb0-47a5-a5be-4b407f5c0cd2 app_name=m6-elk app_version=0.1.0-SNAPSHOT EPBYGOMW0221] INFO  25864 com.example.yrofeeva.helen.elk.LogProducer: GET Event by id: 2
15-01-49328 [4ee683f5-59c2-4952-a255-220af0cd2984 app_name=m6-elk app_version=0.1.0-SNAPSHOT EPBYGOMW0221] INFO  25864 com.example.yrofeeva.helen.elk.LogProducer: Event: event 2
15-01-51338 [8769b41c-138e-4326-aa76-0feb971a7b90 app_name=m6-elk app_version=0.1.0-SNAPSHOT EPBYGOMW0221] INFO  25864 com.example.yrofeeva.helen.elk.LogProducer: GET Event by id: 5
15-01-51362 [8c462724-d0bc-4073-8a50-c4c438907103 app_name=m6-elk app_version=0.1.0-SNAPSHOT EPBYGOMW0221] WARN  25864 com.example.yrofeeva.helen.elk.client.impl.LowLevelElasticClient: Elasticsearch action GET /events2/_doc/5 failed
15-01-53369 [da41577f-5c6b-4540-a4d6-ebc080363b49 app_name=m6-elk app_version=0.1.0-SNAPSHOT EPBYGOMW0221] INFO  25864 com.example.yrofeeva.helen.elk.LogProducer: GET Event by id: 7
15-01-53375 [df11ed13-ef7c-4f2d-958a-28173f12b31e app_name=m6-elk app_version=0.1.0-SNAPSHOT EPBYGOMW0221] WARN  25864 com.example.yrofeeva.helen.elk.client.impl.LowLevelElasticClient: Elasticsearch action GET /events2/_doc/7 failed
15-01-55388 [e341aaae-2933-4cd2-9e09-3f7b1f7e7b60 app_name=m6-elk app_version=0.1.0-SNAPSHOT EPBYGOMW0221] INFO  25864 com.example.yrofeeva.helen.elk.LogProducer: GET Event by id: 6
15-01-55394 [6d32be7a-4a32-4e2a-9094-753e09f3e244 app_name=m6-elk app_version=0.1.0-SNAPSHOT EPBYGOMW0221] WARN  25864 com.example.yrofeeva.helen.elk.client.impl.LowLevelElasticClient: Elasticsearch action GET /events2/_doc/6 failed
15-01-57402 [b3afea9e-d95f-470f-9e5d-b76d14779eed app_name=m6-elk app_version=0.1.0-SNAPSHOT EPBYGOMW0221] INFO  25864 com.example.yrofeeva.helen.elk.LogProducer: GET Event by id: 4
15-01-57409 [f915335f-84f6-4019-9d98-af70a17c220f app_name=m6-elk app_version=0.1.0-SNAPSHOT EPBYGOMW0221] INFO  25864 com.example.yrofeeva.helen.elk.LogProducer: Event: event 4
15-01-59416 [53212b2b-cc52-4291-9cfe-2d80589dc61b app_name=m6-elk app_version=0.1.0-SNAPSHOT EPBYGOMW0221] INFO  25864 com.example.yrofeeva.helen.elk.LogProducer: GET Event by id: 7
15-01-59443 [0d0474b8-b11c-478c-8df7-bc860824ff60 app_name=m6-elk app_version=0.1.0-SNAPSHOT EPBYGOMW0221] WARN  25864 com.example.yrofeeva.helen.elk.client.impl.LowLevelElasticClient: Elasticsearch action GET /events2/_doc/7 failed
15-02-01489 [9fc8d2b9-1be8-41fd-b336-2f134c1fd154 app_name=m6-elk app_version=0.1.0-SNAPSHOT EPBYGOMW0221] INFO  25864 com.example.yrofeeva.helen.elk.LogProducer: GET Event by id: 9
15-02-01612 [148a5d3c-68bb-4e13-8d94-d2a3824868c5 app_name=m6-elk app_version=0.1.0-SNAPSHOT EPBYGOMW0221] WARN  25864 com.example.yrofeeva.helen.elk.client.impl.LowLevelElasticClient: Elasticsearch action GET /events2/_doc/9 failed
15-02-01790 [4a7da8c8-382f-4566-9b16-d6b010115011 app_name=m6-elk app_version=0.1.0-SNAPSHOT EPBYGOMW0221] INFO  25864 org.springframework.scheduling.concurrent.ExecutorConfigurationSupport: Shutting down ExecutorService 'applicationTaskExecutor'
